2023.03.19 10:55:25 INFO  Started: Metals version 0.11.11 in workspace 'C:\Users\Gabriel\Desktop\Costa\Estudos\Scala' for client Visual Studio Code 1.76.2.
SLF4J: No SLF4J providers were found.
SLF4J: Defaulting to no-operation (NOP) logger implementation
SLF4J: See https://www.slf4j.org/codes.html#noProviders for further details.
SLF4J: Class path contains SLF4J bindings targeting slf4j-api versions 1.7.x or earlier.
SLF4J: Ignoring binding found at [jar:file:/C:/Users/Gabriel/AppData/Local/Coursier/cache/v1/https/repo1.maven.org/maven2/com/outr/scribe-slf4j_2.13/3.11.0/scribe-slf4j_2.13-3.11.0.jar!/org/slf4j/impl/StaticLoggerBinder.class]
SLF4J: See https://www.slf4j.org/codes.html#ignoredBindings for an explanation.
2023.03.19 10:55:26 INFO  time: initialize in 0.49s
2023.03.19 10:55:26 WARN  Build server is not auto-connectable.
2023.03.19 10:55:26 WARN  no build tool detected in workspace 'C:\Users\Gabriel\Desktop\Costa\Estudos\Scala'. The most common cause for this problem is that the editor was opened in the wrong working directory, for example if you use sbt then the workspace directory should contain build.sbt. 
2023.03.19 10:55:26 WARN  no build target for: C:\Users\Gabriel\Desktop\Costa\Estudos\Scala\teste1.scala
2023.03.19 10:55:28 INFO  no build target found for C:\Users\Gabriel\Desktop\Costa\Estudos\Scala\teste1.scala. Using presentation compiler with project's scala-library version: 3.2.2
2023.03.19 10:55:29 INFO  time: code lens generation in 2.99s
2023.03.19 10:55:36 WARN  no build target for: C:\Users\Gabriel\Desktop\Costa\Estudos\Scala\teste1.scala
2023.03.19 10:55:41 WARN  no build target for: C:\Users\Gabriel\Desktop\Costa\Estudos\Scala\teste1.scala
2023.03.19 10:55:44 WARN  no build target for: C:\Users\Gabriel\Desktop\Costa\Estudos\Scala\teste1.scala
2023.03.19 10:55:47 WARN  no build target for: C:\Users\Gabriel\Desktop\Costa\Estudos\Scala\teste1.scala
2023.03.19 10:55:49 WARN  no build target for: C:\Users\Gabriel\Desktop\Costa\Estudos\Scala\teste1.scala
2023.03.19 10:55:54 WARN  no build target for: C:\Users\Gabriel\Desktop\Costa\Estudos\Scala\teste1.scala
2023.03.19 10:55:58 WARN  no build target for: C:\Users\Gabriel\Desktop\Costa\Estudos\Scala\teste1.scala
2023.03.19 10:56:01 WARN  no build target for: C:\Users\Gabriel\Desktop\Costa\Estudos\Scala\teste1.scala
2023.03.19 10:56:05 WARN  no build target for: C:\Users\Gabriel\Desktop\Costa\Estudos\Scala\teste1.scala
2023.03.19 10:56:09 WARN  no build target for: C:\Users\Gabriel\Desktop\Costa\Estudos\Scala\teste1.scala
2023.03.19 10:56:12 WARN  no build target for: C:\Users\Gabriel\Desktop\Costa\Estudos\Scala\teste1.scala
2023.03.19 10:56:14 WARN  no build target for: C:\Users\Gabriel\Desktop\Costa\Estudos\Scala\teste1.scala
2023.03.19 10:56:17 WARN  no build target for: C:\Users\Gabriel\Desktop\Costa\Estudos\Scala\teste1.scala
2023.03.19 10:56:18 WARN  no build target for: C:\Users\Gabriel\Desktop\Costa\Estudos\Scala\teste1.scala
2023.03.19 10:56:25 WARN  no build target for: C:\Users\Gabriel\Desktop\Costa\Estudos\Scala\teste1.scala
2023.03.19 10:56:28 WARN  no build target for: C:\Users\Gabriel\Desktop\Costa\Estudos\Scala\teste1.scala
2023.03.19 10:56:29 WARN  no build target for: C:\Users\Gabriel\Desktop\Costa\Estudos\Scala\teste1.scala
2023.03.19 11:03:49 INFO  Shutting down server
2023.03.19 11:03:49 INFO  shutting down Metals
2023.03.19 11:03:49 INFO  Exiting server
2023.03.19 11:03:58 INFO  Started: Metals version 0.11.11 in workspace 'C:\Users\Gabriel\Desktop\Costa\Estudos\Scala' for client Visual Studio Code 1.76.2.
SLF4J: No SLF4J providers were found.
SLF4J: Defaulting to no-operation (NOP) logger implementation
SLF4J: See https://www.slf4j.org/codes.html#noProviders for further details.
SLF4J: Class path contains SLF4J bindings targeting slf4j-api versions 1.7.x or earlier.
SLF4J: Ignoring binding found at [jar:file:/C:/Users/Gabriel/AppData/Local/Coursier/cache/v1/https/repo1.maven.org/maven2/com/outr/scribe-slf4j_2.13/3.11.0/scribe-slf4j_2.13-3.11.0.jar!/org/slf4j/impl/StaticLoggerBinder.class]
SLF4J: See https://www.slf4j.org/codes.html#ignoredBindings for an explanation.
2023.03.19 11:03:59 INFO  time: initialize in 0.51s
2023.03.19 11:04:00 WARN  Build server is not auto-connectable.
2023.03.19 11:04:00 WARN  no build tool detected in workspace 'C:\Users\Gabriel\Desktop\Costa\Estudos\Scala'. The most common cause for this problem is that the editor was opened in the wrong working directory, for example if you use sbt then the workspace directory should contain build.sbt. 
2023.03.19 11:04:00 WARN  no build target for: C:\Users\Gabriel\Desktop\Costa\Estudos\Scala\teste1.scala
2023.03.19 11:04:01 INFO  no build target found for C:\Users\Gabriel\Desktop\Costa\Estudos\Scala\teste1.scala. Using presentation compiler with project's scala-library version: 3.2.2
2023.03.19 11:04:03 INFO  time: code lens generation in 2.93s
mar 19, 2023 11:04:29 AM org.eclipse.lsp4j.jsonrpc.services.GenericEndpoint notify
INFORMAÇÕES: Unsupported notification method: $/setTrace
2023.03.19 11:05:19 WARN  no build target for: C:\Users\Gabriel\Desktop\Costa\Estudos\Scala\teste2.scala
2023.03.19 11:05:24 WARN  no build target for: C:\Users\Gabriel\Desktop\Costa\Estudos\Scala\teste2.scala
2023.03.19 11:05:56 INFO  Shutting down server
2023.03.19 11:05:56 INFO  shutting down Metals
2023.03.19 11:05:56 INFO  Exiting server
2023.03.19 11:07:59 INFO  Started: Metals version 0.11.11 in workspace 'C:\Users\Gabriel\Desktop\Costa\Estudos\Scala' for client Visual Studio Code 1.76.2.
SLF4J: No SLF4J providers were found.
SLF4J: Defaulting to no-operation (NOP) logger implementation
SLF4J: See https://www.slf4j.org/codes.html#noProviders for further details.
SLF4J: Class path contains SLF4J bindings targeting slf4j-api versions 1.7.x or earlier.
SLF4J: Ignoring binding found at [jar:file:/C:/Users/Gabriel/AppData/Local/Coursier/cache/v1/https/repo1.maven.org/maven2/com/outr/scribe-slf4j_2.13/3.11.0/scribe-slf4j_2.13-3.11.0.jar!/org/slf4j/impl/StaticLoggerBinder.class]
SLF4J: See https://www.slf4j.org/codes.html#ignoredBindings for an explanation.
2023.03.19 11:08:00 INFO  time: initialize in 0.55s
2023.03.19 11:08:00 WARN  Build server is not auto-connectable.
2023.03.19 11:08:00 WARN  no build tool detected in workspace 'C:\Users\Gabriel\Desktop\Costa\Estudos\Scala'. The most common cause for this problem is that the editor was opened in the wrong working directory, for example if you use sbt then the workspace directory should contain build.sbt. 
2023.03.19 11:08:00 WARN  no build target for: C:\Users\Gabriel\Desktop\Costa\Estudos\Scala\teste1.scala
2023.03.19 11:08:02 INFO  no build target found for C:\Users\Gabriel\Desktop\Costa\Estudos\Scala\teste1.scala. Using presentation compiler with project's scala-library version: 3.2.2
2023.03.19 11:08:03 INFO  time: code lens generation in 3.02s
mar 19, 2023 12:56:34 PM org.eclipse.lsp4j.jsonrpc.RemoteEndpoint handleCancellation
ADVERTÊNCIA: Unmatched cancel notification for request id 23
2023.03.19 12:56:35 WARN  no build target for: C:\Users\Gabriel\Desktop\Costa\Estudos\Scala\teste1.scala
2023.03.19 12:56:40 WARN  no build target for: C:\Users\Gabriel\Desktop\Costa\Estudos\Scala\teste1.scala
2023.03.19 12:57:29 WARN  no build target for: C:\Users\Gabriel\Desktop\Costa\Estudos\Scala\teste1.scala
2023.03.19 16:27:22 INFO  Shutting down server
2023.03.19 16:27:22 INFO  shutting down Metals
2023.03.19 16:27:22 INFO  Exiting server
2023.03.30 20:39:16 INFO  Started: Metals version 0.11.11 in workspace 'C:\Users\Gabriel\Desktop\Costa\Estudos\Scala' for client Visual Studio Code 1.76.2.
SLF4J: No SLF4J providers were found.
SLF4J: Defaulting to no-operation (NOP) logger implementation
SLF4J: See https://www.slf4j.org/codes.html#noProviders for further details.
SLF4J: Class path contains SLF4J bindings targeting slf4j-api versions 1.7.x or earlier.
SLF4J: Ignoring binding found at [jar:file:/C:/Users/Gabriel/AppData/Local/Coursier/cache/v1/https/repo1.maven.org/maven2/com/outr/scribe-slf4j_2.13/3.11.0/scribe-slf4j_2.13-3.11.0.jar!/org/slf4j/impl/StaticLoggerBinder.class]
SLF4J: See https://www.slf4j.org/codes.html#ignoredBindings for an explanation.
2023.03.30 20:39:17 INFO  time: initialize in 0.58s
2023.03.30 20:39:17 WARN  Build server is not auto-connectable.
2023.03.30 20:39:17 WARN  no build tool detected in workspace 'C:\Users\Gabriel\Desktop\Costa\Estudos\Scala'. The most common cause for this problem is that the editor was opened in the wrong working directory, for example if you use sbt then the workspace directory should contain build.sbt. 
2023.03.30 20:39:17 WARN  no build target for: C:\Users\Gabriel\Desktop\Costa\Estudos\Scala\teste1.scala
2023.03.30 20:39:20 INFO  no build target found for C:\Users\Gabriel\Desktop\Costa\Estudos\Scala\teste1.scala. Using presentation compiler with project's scala-library version: 3.2.2
2023.03.30 20:39:21 INFO  time: code lens generation in 4.23s
2023.03.30 20:39:25 WARN  no build target for: C:\Users\Gabriel\Desktop\Costa\Estudos\Scala\teste1.scala
2023.03.30 20:39:38 WARN  no build target for: C:\Users\Gabriel\Desktop\Costa\Estudos\Scala\teste1.scala
2023.03.30 20:39:41 WARN  no build target for: C:\Users\Gabriel\Desktop\Costa\Estudos\Scala\teste1.scala
2023.03.30 20:39:43 WARN  no build target for: C:\Users\Gabriel\Desktop\Costa\Estudos\Scala\teste1.scala
2023.03.30 20:40:10 WARN  no build target for: C:\Users\Gabriel\Desktop\Costa\Estudos\Scala\teste1.scala
2023.03.30 20:40:18 WARN  no build target for: C:\Users\Gabriel\Desktop\Costa\Estudos\Scala\teste1.scala
2023.03.30 20:40:23 WARN  no build target for: C:\Users\Gabriel\Desktop\Costa\Estudos\Scala\teste1.scala
2023.03.30 20:40:25 WARN  no build target for: C:\Users\Gabriel\Desktop\Costa\Estudos\Scala\teste1.scala
2023.03.30 21:28:32 WARN  no build target for: C:\Users\Gabriel\Desktop\Costa\Estudos\Scala\teste1.scala
2023.03.30 21:28:35 WARN  no build target for: C:\Users\Gabriel\Desktop\Costa\Estudos\Scala\teste1.scala
2023.03.30 21:28:37 WARN  no build target for: C:\Users\Gabriel\Desktop\Costa\Estudos\Scala\teste1.scala
2023.03.30 21:28:44 WARN  no build target for: C:\Users\Gabriel\Desktop\Costa\Estudos\Scala\teste1.scala
2023.03.30 21:28:47 WARN  no build target for: C:\Users\Gabriel\Desktop\Costa\Estudos\Scala\teste1.scala
2023.03.30 21:32:47 WARN  no build target for: C:\Users\Gabriel\Desktop\Costa\Estudos\Scala\teste1.scala
2023.03.30 21:32:49 WARN  no build target for: C:\Users\Gabriel\Desktop\Costa\Estudos\Scala\teste1.scala
2023.03.30 21:32:51 WARN  no build target for: C:\Users\Gabriel\Desktop\Costa\Estudos\Scala\teste1.scala
2023.03.30 21:32:53 WARN  no build target for: C:\Users\Gabriel\Desktop\Costa\Estudos\Scala\teste1.scala
2023.03.30 21:32:55 WARN  no build target for: C:\Users\Gabriel\Desktop\Costa\Estudos\Scala\teste1.scala
2023.03.30 21:33:00 WARN  no build target for: C:\Users\Gabriel\Desktop\Costa\Estudos\Scala\teste1.scala
2023.03.30 21:33:31 WARN  no build target for: C:\Users\Gabriel\Desktop\Costa\Estudos\Scala\teste1.scala
2023.03.30 21:33:47 WARN  no build target for: C:\Users\Gabriel\Desktop\Costa\Estudos\Scala\teste1.scala
2023.03.30 21:33:56 WARN  no build target for: C:\Users\Gabriel\Desktop\Costa\Estudos\Scala\teste1.scala
2023.03.30 21:33:58 WARN  no build target for: C:\Users\Gabriel\Desktop\Costa\Estudos\Scala\teste1.scala
2023.03.30 21:33:59 WARN  no build target for: C:\Users\Gabriel\Desktop\Costa\Estudos\Scala\teste1.scala
2023.03.30 21:48:03 WARN  no build target for: C:\Users\Gabriel\Desktop\Costa\Estudos\Scala\teste1.scala
2023.03.30 21:48:05 WARN  no build target for: C:\Users\Gabriel\Desktop\Costa\Estudos\Scala\teste1.scala
2023.03.30 21:48:07 WARN  no build target for: C:\Users\Gabriel\Desktop\Costa\Estudos\Scala\teste1.scala
2023.03.30 21:48:08 WARN  no build target for: C:\Users\Gabriel\Desktop\Costa\Estudos\Scala\teste1.scala
2023.03.30 21:48:18 WARN  no build target for: C:\Users\Gabriel\Desktop\Costa\Estudos\Scala\teste1.scala
2023.03.30 21:48:21 WARN  no build target for: C:\Users\Gabriel\Desktop\Costa\Estudos\Scala\teste1.scala
2023.03.30 21:48:42 WARN  no build target for: C:\Users\Gabriel\Desktop\Costa\Estudos\Scala\teste1.scala
2023.03.30 21:48:45 WARN  no build target for: C:\Users\Gabriel\Desktop\Costa\Estudos\Scala\teste1.scala
2023.03.30 21:48:46 WARN  no build target for: C:\Users\Gabriel\Desktop\Costa\Estudos\Scala\teste1.scala
2023.03.30 21:48:54 WARN  no build target for: C:\Users\Gabriel\Desktop\Costa\Estudos\Scala\teste1.scala
2023.03.30 21:48:57 WARN  no build target for: C:\Users\Gabriel\Desktop\Costa\Estudos\Scala\teste1.scala
2023.03.30 22:01:41 WARN  no build target for: C:\Users\Gabriel\Desktop\Costa\Estudos\Scala\teste1.scala
2023.03.30 22:01:43 WARN  no build target for: C:\Users\Gabriel\Desktop\Costa\Estudos\Scala\teste1.scala
2023.03.30 22:01:47 WARN  no build target for: C:\Users\Gabriel\Desktop\Costa\Estudos\Scala\teste1.scala
2023.03.30 22:01:56 WARN  no build target for: C:\Users\Gabriel\Desktop\Costa\Estudos\Scala\teste1.scala
2023.03.30 22:02:10 WARN  no build target for: C:\Users\Gabriel\Desktop\Costa\Estudos\Scala\teste1.scala
2023.03.30 22:11:08 WARN  no build target for: C:\Users\Gabriel\Desktop\Costa\Estudos\Scala\teste1.scala
2023.03.30 22:11:09 WARN  no build target for: C:\Users\Gabriel\Desktop\Costa\Estudos\Scala\teste1.scala
2023.03.30 22:11:11 WARN  no build target for: C:\Users\Gabriel\Desktop\Costa\Estudos\Scala\teste1.scala
2023.03.30 22:11:12 WARN  no build target for: C:\Users\Gabriel\Desktop\Costa\Estudos\Scala\teste1.scala
2023.03.30 22:11:13 WARN  no build target for: C:\Users\Gabriel\Desktop\Costa\Estudos\Scala\teste1.scala
2023.03.30 22:11:15 WARN  no build target for: C:\Users\Gabriel\Desktop\Costa\Estudos\Scala\teste1.scala
2023.03.30 22:11:44 WARN  no build target for: C:\Users\Gabriel\Desktop\Costa\Estudos\Scala\teste1.scala
2023.03.30 22:11:48 WARN  no build target for: C:\Users\Gabriel\Desktop\Costa\Estudos\Scala\teste1.scala
2023.03.30 22:11:57 WARN  no build target for: C:\Users\Gabriel\Desktop\Costa\Estudos\Scala\teste1.scala
2023.03.30 22:11:58 WARN  no build target for: C:\Users\Gabriel\Desktop\Costa\Estudos\Scala\teste1.scala
2023.03.30 22:12:01 WARN  no build target for: C:\Users\Gabriel\Desktop\Costa\Estudos\Scala\teste1.scala
2023.03.30 22:12:04 WARN  no build target for: C:\Users\Gabriel\Desktop\Costa\Estudos\Scala\teste1.scala
2023.03.30 22:12:06 WARN  no build target for: C:\Users\Gabriel\Desktop\Costa\Estudos\Scala\teste1.scala
2023.03.30 22:12:09 WARN  no build target for: C:\Users\Gabriel\Desktop\Costa\Estudos\Scala\teste1.scala
2023.03.30 22:12:10 WARN  no build target for: C:\Users\Gabriel\Desktop\Costa\Estudos\Scala\teste1.scala
2023.03.30 22:12:12 WARN  no build target for: C:\Users\Gabriel\Desktop\Costa\Estudos\Scala\teste1.scala
2023.03.30 22:12:13 WARN  no build target for: C:\Users\Gabriel\Desktop\Costa\Estudos\Scala\teste1.scala
2023.03.30 22:12:28 WARN  no build target for: C:\Users\Gabriel\Desktop\Costa\Estudos\Scala\teste1.scala
2023.03.30 22:12:31 WARN  no build target for: C:\Users\Gabriel\Desktop\Costa\Estudos\Scala\teste1.scala
2023.03.30 22:12:33 WARN  no build target for: C:\Users\Gabriel\Desktop\Costa\Estudos\Scala\teste1.scala
2023.03.30 22:12:44 WARN  no build target for: C:\Users\Gabriel\Desktop\Costa\Estudos\Scala\teste1.scala
2023.03.30 22:12:45 WARN  no build target for: C:\Users\Gabriel\Desktop\Costa\Estudos\Scala\teste1.scala
2023.03.30 22:12:46 WARN  no build target for: C:\Users\Gabriel\Desktop\Costa\Estudos\Scala\teste1.scala
2023.03.30 22:12:48 WARN  no build target for: C:\Users\Gabriel\Desktop\Costa\Estudos\Scala\teste1.scala
2023.03.30 22:12:53 WARN  no build target for: C:\Users\Gabriel\Desktop\Costa\Estudos\Scala\teste1.scala
2023.03.30 22:13:07 WARN  no build target for: C:\Users\Gabriel\Desktop\Costa\Estudos\Scala\teste1.scala
2023.03.30 22:23:31 WARN  no build target for: C:\Users\Gabriel\Desktop\Costa\Estudos\Scala\teste1.scala
2023.03.30 22:23:34 WARN  no build target for: C:\Users\Gabriel\Desktop\Costa\Estudos\Scala\teste1.scala
2023.03.30 22:23:35 WARN  no build target for: C:\Users\Gabriel\Desktop\Costa\Estudos\Scala\teste1.scala
2023.03.30 22:23:37 WARN  no build target for: C:\Users\Gabriel\Desktop\Costa\Estudos\Scala\teste1.scala
2023.03.30 22:23:38 WARN  no build target for: C:\Users\Gabriel\Desktop\Costa\Estudos\Scala\teste1.scala
2023.03.30 22:23:40 WARN  no build target for: C:\Users\Gabriel\Desktop\Costa\Estudos\Scala\teste1.scala
2023.03.30 22:24:48 WARN  no build target for: C:\Users\Gabriel\Desktop\Costa\Estudos\Scala\teste1.scala
2023.03.30 22:24:52 WARN  no build target for: C:\Users\Gabriel\Desktop\Costa\Estudos\Scala\teste1.scala
2023.03.30 22:24:56 WARN  no build target for: C:\Users\Gabriel\Desktop\Costa\Estudos\Scala\teste1.scala
2023.03.30 22:24:57 WARN  no build target for: C:\Users\Gabriel\Desktop\Costa\Estudos\Scala\teste1.scala
2023.03.30 22:24:59 WARN  no build target for: C:\Users\Gabriel\Desktop\Costa\Estudos\Scala\teste1.scala
mar 30, 2023 10:24:59 PM org.eclipse.lsp4j.jsonrpc.RemoteEndpoint handleCancellation
ADVERTÊNCIA: Unmatched cancel notification for request id 1292
2023.03.30 22:25:00 WARN  no build target for: C:\Users\Gabriel\Desktop\Costa\Estudos\Scala\teste1.scala
2023.03.30 22:25:03 WARN  no build target for: C:\Users\Gabriel\Desktop\Costa\Estudos\Scala\teste1.scala
2023.03.30 22:25:06 WARN  no build target for: C:\Users\Gabriel\Desktop\Costa\Estudos\Scala\teste1.scala
mar 30, 2023 10:25:19 PM org.eclipse.lsp4j.jsonrpc.RemoteEndpoint handleCancellation
ADVERTÊNCIA: Unmatched cancel notification for request id 1345
2023.03.30 22:25:21 WARN  no build target for: C:\Users\Gabriel\Desktop\Costa\Estudos\Scala\teste1.scala
2023.03.30 22:25:41 WARN  no build target for: C:\Users\Gabriel\Desktop\Costa\Estudos\Scala\teste1.scala
2023.03.30 22:25:52 WARN  no build target for: C:\Users\Gabriel\Desktop\Costa\Estudos\Scala\teste1.scala
2023.03.30 22:25:54 WARN  no build target for: C:\Users\Gabriel\Desktop\Costa\Estudos\Scala\teste1.scala
2023.03.30 22:25:56 WARN  no build target for: C:\Users\Gabriel\Desktop\Costa\Estudos\Scala\teste1.scala
2023.03.30 22:26:05 WARN  no build target for: C:\Users\Gabriel\Desktop\Costa\Estudos\Scala\teste1.scala
2023.03.30 22:28:27 WARN  no build target for: C:\Users\Gabriel\Desktop\Costa\Estudos\Scala\teste1.scala
2023.03.30 22:28:38 WARN  no build target for: C:\Users\Gabriel\Desktop\Costa\Estudos\Scala\teste1.scala
2023.03.30 22:28:45 WARN  no build target for: C:\Users\Gabriel\Desktop\Costa\Estudos\Scala\teste1.scala
2023.03.30 22:28:59 WARN  no build target for: C:\Users\Gabriel\Desktop\Costa\Estudos\Scala\teste1.scala
2023.03.30 22:29:05 WARN  no build target for: C:\Users\Gabriel\Desktop\Costa\Estudos\Scala\teste1.scala
2023.03.30 22:31:20 WARN  no build target for: C:\Users\Gabriel\Desktop\Costa\Estudos\Scala\teste1.scala
2023.03.30 22:31:30 WARN  no build target for: C:\Users\Gabriel\Desktop\Costa\Estudos\Scala\teste1.scala
2023.03.30 22:31:37 WARN  no build target for: C:\Users\Gabriel\Desktop\Costa\Estudos\Scala\teste1.scala
2023.03.30 22:31:54 WARN  no build target for: C:\Users\Gabriel\Desktop\Costa\Estudos\Scala\teste1.scala
2023.03.30 22:32:59 WARN  no build target for: C:\Users\Gabriel\Desktop\Costa\Estudos\Scala\teste1.scala
2023.03.30 22:33:04 WARN  no build target for: C:\Users\Gabriel\Desktop\Costa\Estudos\Scala\teste1.scala
2023.03.30 22:33:08 WARN  no build target for: C:\Users\Gabriel\Desktop\Costa\Estudos\Scala\teste1.scala
2023.03.30 22:33:34 WARN  no build target for: C:\Users\Gabriel\Desktop\Costa\Estudos\Scala\teste1.scala
2023.03.30 22:34:28 WARN  no build target for: C:\Users\Gabriel\Desktop\Costa\Estudos\Scala\teste1.scala
2023.03.30 22:34:29 WARN  no build target for: C:\Users\Gabriel\Desktop\Costa\Estudos\Scala\teste1.scala
2023.03.30 22:34:32 WARN  no build target for: C:\Users\Gabriel\Desktop\Costa\Estudos\Scala\teste1.scala
2023.03.30 22:34:57 WARN  no build target for: C:\Users\Gabriel\Desktop\Costa\Estudos\Scala\teste1.scala
2023.03.30 22:35:05 WARN  no build target for: C:\Users\Gabriel\Desktop\Costa\Estudos\Scala\teste1.scala
2023.03.30 22:35:15 WARN  no build target for: C:\Users\Gabriel\Desktop\Costa\Estudos\Scala\teste1.scala
2023.03.30 22:36:05 WARN  no build target for: C:\Users\Gabriel\Desktop\Costa\Estudos\Scala\teste1.scala
2023.03.30 22:36:12 WARN  no build target for: C:\Users\Gabriel\Desktop\Costa\Estudos\Scala\teste1.scala
2023.03.30 22:36:14 WARN  no build target for: C:\Users\Gabriel\Desktop\Costa\Estudos\Scala\teste1.scala
2023.03.30 22:38:04 WARN  no build target for: C:\Users\Gabriel\Desktop\Costa\Estudos\Scala\teste1.scala
2023.03.30 22:38:06 WARN  no build target for: C:\Users\Gabriel\Desktop\Costa\Estudos\Scala\teste1.scala
2023.03.30 22:41:45 WARN  no build target for: C:\Users\Gabriel\Desktop\Costa\Estudos\Scala\teste1.scala
2023.03.30 22:41:48 WARN  no build target for: C:\Users\Gabriel\Desktop\Costa\Estudos\Scala\teste1.scala
2023.03.30 22:41:50 WARN  no build target for: C:\Users\Gabriel\Desktop\Costa\Estudos\Scala\teste1.scala
2023.03.30 22:41:52 WARN  no build target for: C:\Users\Gabriel\Desktop\Costa\Estudos\Scala\teste1.scala
2023.03.30 22:41:54 WARN  no build target for: C:\Users\Gabriel\Desktop\Costa\Estudos\Scala\teste1.scala
2023.03.30 22:42:02 WARN  no build target for: C:\Users\Gabriel\Desktop\Costa\Estudos\Scala\teste1.scala
2023.03.30 22:42:16 WARN  no build target for: C:\Users\Gabriel\Desktop\Costa\Estudos\Scala\teste1.scala
2023.03.30 22:42:20 WARN  no build target for: C:\Users\Gabriel\Desktop\Costa\Estudos\Scala\teste1.scala
2023.03.30 22:42:49 WARN  no build target for: C:\Users\Gabriel\Desktop\Costa\Estudos\Scala\teste1.scala
2023.03.30 22:42:54 WARN  no build target for: C:\Users\Gabriel\Desktop\Costa\Estudos\Scala\teste1.scala
2023.03.30 22:42:56 WARN  no build target for: C:\Users\Gabriel\Desktop\Costa\Estudos\Scala\teste1.scala
2023.03.30 22:42:58 WARN  no build target for: C:\Users\Gabriel\Desktop\Costa\Estudos\Scala\teste1.scala
2023.03.30 22:43:07 WARN  no build target for: C:\Users\Gabriel\Desktop\Costa\Estudos\Scala\teste1.scala
2023.03.30 22:43:16 WARN  no build target for: C:\Users\Gabriel\Desktop\Costa\Estudos\Scala\teste1.scala
2023.03.30 22:50:12 WARN  no build target for: C:\Users\Gabriel\Desktop\Costa\Estudos\Scala\teste1.scala
2023.03.30 22:55:08 WARN  no build target for: C:\Users\Gabriel\Desktop\Costa\Estudos\Scala\teste1.scala
2023.03.30 22:55:09 INFO  Shutting down server
2023.03.30 22:55:09 INFO  shutting down Metals
2023.03.30 22:55:09 INFO  Exiting server
2023.04.01 12:50:24 INFO  Started: Metals version 0.11.11 in workspace 'C:\Users\Gabriel\Desktop\Costa\Estudos\Scala' for client Visual Studio Code 1.77.0.
SLF4J: No SLF4J providers were found.
SLF4J: Defaulting to no-operation (NOP) logger implementation
SLF4J: See https://www.slf4j.org/codes.html#noProviders for further details.
SLF4J: Class path contains SLF4J bindings targeting slf4j-api versions 1.7.x or earlier.
SLF4J: Ignoring binding found at [jar:file:/C:/Users/Gabriel/AppData/Local/Coursier/cache/v1/https/repo1.maven.org/maven2/com/outr/scribe-slf4j_2.13/3.11.0/scribe-slf4j_2.13-3.11.0.jar!/org/slf4j/impl/StaticLoggerBinder.class]
SLF4J: See https://www.slf4j.org/codes.html#ignoredBindings for an explanation.
2023.04.01 12:50:25 INFO  time: initialize in 0.61s
2023.04.01 12:50:26 WARN  Build server is not auto-connectable.
2023.04.01 12:50:26 WARN  no build tool detected in workspace 'C:\Users\Gabriel\Desktop\Costa\Estudos\Scala'. The most common cause for this problem is that the editor was opened in the wrong working directory, for example if you use sbt then the workspace directory should contain build.sbt. 
2023.04.01 12:50:26 WARN  no build target for: C:\Users\Gabriel\Desktop\Costa\Estudos\Scala\teste1.scala
2023.04.01 12:50:29 INFO  no build target found for C:\Users\Gabriel\Desktop\Costa\Estudos\Scala\teste1.scala. Using presentation compiler with project's scala-library version: 3.2.2
2023.04.01 13:05:18 INFO  Shutting down server
2023.04.01 13:05:18 INFO  shutting down Metals
2023.04.01 13:05:18 INFO  Exiting server
2023.04.23 10:19:40 INFO  Started: Metals version 0.11.12 in workspace 'C:\Users\Gabriel\Desktop\Costa\Estudos\Scala' for client Visual Studio Code 1.77.3.
abr 23, 2023 10:19:40 AM org.flywaydb.core.internal.license.VersionPrinter printVersionOnly
INFORMAÇÕES: Flyway Community Edition 9.16.3 by Redgate
abr 23, 2023 10:19:40 AM org.flywaydb.core.internal.license.VersionPrinter printVersion
INFORMAÇÕES: See release notes here: https://rd.gt/416ObMi
abr 23, 2023 10:19:40 AM org.flywaydb.core.internal.license.VersionPrinter printVersion
INFORMAÇÕES: 
abr 23, 2023 10:19:40 AM org.flywaydb.core.internal.database.base.BaseDatabaseType createDatabase
INFORMAÇÕES: Database: jdbc:h2:file:C:\Users\Gabriel\Desktop\Costa\Estudos\Scala\.metals\metals (H2 2.1)
abr 23, 2023 10:19:40 AM org.flywaydb.core.internal.command.DbValidate validate
INFORMAÇÕES: Successfully validated 4 migrations (execution time 00:00.021s)
abr 23, 2023 10:19:40 AM org.flywaydb.core.internal.command.DbMigrate migrateGroup
INFORMAÇÕES: Current version of schema "PUBLIC": 4
abr 23, 2023 10:19:40 AM org.flywaydb.core.internal.command.DbMigrate logSummary
INFORMAÇÕES: Schema "PUBLIC" is up to date. No migration necessary.
2023.04.23 10:19:41 INFO  time: initialize in 0.52s
abr 23, 2023 10:19:41 AM org.eclipse.lsp4j.jsonrpc.RemoteEndpoint handleCancellation
ADVERTÊNCIA: Unmatched cancel notification for request id 1
2023.04.23 10:19:41 WARN  Build server is not auto-connectable.
2023.04.23 10:19:41 WARN  no build tool detected in workspace 'C:\Users\Gabriel\Desktop\Costa\Estudos\Scala'. The most common cause for this problem is that the editor was opened in the wrong working directory, for example if you use sbt then the workspace directory should contain build.sbt. 
2023.04.23 10:19:41 WARN  no build target for: C:\Users\Gabriel\Desktop\Costa\Estudos\Scala\teste1.scala
2023.04.23 10:19:46 INFO  no build target found for C:\Users\Gabriel\Desktop\Costa\Estudos\Scala\teste1.scala. Using presentation compiler with project's scala-library version: 3.2.2
2023.04.23 10:19:48 INFO  time: code lens generation in 4.12s
2023.04.23 10:19:48 INFO  time: code lens generation in 6.9s
2023.04.23 10:19:50 WARN  no build target for: C:\Users\Gabriel\Desktop\Costa\Estudos\Scala\teste1.scala
2023.04.23 10:19:53 WARN  no build target for: C:\Users\Gabriel\Desktop\Costa\Estudos\Scala\teste1.scala
2023.04.23 10:19:58 WARN  no build target for: C:\Users\Gabriel\Desktop\Costa\Estudos\Scala\teste1.scala
2023.04.23 10:20:04 WARN  no build target for: C:\Users\Gabriel\Desktop\Costa\Estudos\Scala\teste1.scala
2023.04.23 10:20:05 WARN  no build target for: C:\Users\Gabriel\Desktop\Costa\Estudos\Scala\teste1.scala
2023.04.23 10:20:12 WARN  no build target for: C:\Users\Gabriel\Desktop\Costa\Estudos\Scala\teste1.scala
2023.04.23 10:20:14 WARN  no build target for: C:\Users\Gabriel\Desktop\Costa\Estudos\Scala\teste1.scala
2023.04.23 10:20:17 WARN  no build target for: C:\Users\Gabriel\Desktop\Costa\Estudos\Scala\teste1.scala
2023.04.23 10:20:18 WARN  no build target for: C:\Users\Gabriel\Desktop\Costa\Estudos\Scala\teste1.scala
abr 23, 2023 10:20:21 AM org.eclipse.lsp4j.jsonrpc.RemoteEndpoint handleCancellation
ADVERTÊNCIA: Unmatched cancel notification for request id 176
2023.04.23 10:20:23 WARN  no build target for: C:\Users\Gabriel\Desktop\Costa\Estudos\Scala\teste1.scala
2023.04.23 10:20:27 WARN  no build target for: C:\Users\Gabriel\Desktop\Costa\Estudos\Scala\teste1.scala
2023.04.23 10:20:32 WARN  no build target for: C:\Users\Gabriel\Desktop\Costa\Estudos\Scala\teste1.scala
2023.04.23 10:20:33 WARN  no build target for: C:\Users\Gabriel\Desktop\Costa\Estudos\Scala\teste1.scala
2023.04.23 10:20:35 WARN  no build target for: C:\Users\Gabriel\Desktop\Costa\Estudos\Scala\teste1.scala
2023.04.23 10:20:38 WARN  no build target for: C:\Users\Gabriel\Desktop\Costa\Estudos\Scala\teste1.scala
2023.04.23 10:20:47 WARN  no build target for: C:\Users\Gabriel\Desktop\Costa\Estudos\Scala\teste1.scala
2023.04.23 10:34:44 INFO  Shutting down server
2023.04.23 10:34:44 INFO  shutting down Metals
2023.04.23 10:34:44 INFO  Exiting server
2023.04.23 15:55:57 INFO  Started: Metals version 0.11.12 in workspace 'C:\Users\Gabriel\Desktop\Costa\Estudos\Scala' for client Visual Studio Code 1.77.3.
abr 23, 2023 3:55:58 PM org.flywaydb.core.internal.license.VersionPrinter printVersionOnly
INFORMAÇÕES: Flyway Community Edition 9.16.3 by Redgate
abr 23, 2023 3:55:58 PM org.flywaydb.core.internal.license.VersionPrinter printVersion
INFORMAÇÕES: See release notes here: https://rd.gt/416ObMi
abr 23, 2023 3:55:58 PM org.flywaydb.core.internal.license.VersionPrinter printVersion
INFORMAÇÕES: 
abr 23, 2023 3:55:58 PM org.flywaydb.core.internal.database.base.BaseDatabaseType createDatabase
INFORMAÇÕES: Database: jdbc:h2:file:C:\Users\Gabriel\Desktop\Costa\Estudos\Scala\.metals\metals (H2 2.1)
abr 23, 2023 3:55:58 PM org.flywaydb.core.internal.command.DbValidate validate
INFORMAÇÕES: Successfully validated 4 migrations (execution time 00:00.024s)
abr 23, 2023 3:55:58 PM org.flywaydb.core.internal.command.DbMigrate migrateGroup
INFORMAÇÕES: Current version of schema "PUBLIC": 4
abr 23, 2023 3:55:58 PM org.flywaydb.core.internal.command.DbMigrate logSummary
INFORMAÇÕES: Schema "PUBLIC" is up to date. No migration necessary.
2023.04.23 15:55:58 INFO  time: initialize in 0.67s
2023.04.23 15:55:59 WARN  Build server is not auto-connectable.
2023.04.23 15:55:59 WARN  no build tool detected in workspace 'C:\Users\Gabriel\Desktop\Costa\Estudos\Scala'. The most common cause for this problem is that the editor was opened in the wrong working directory, for example if you use sbt then the workspace directory should contain build.sbt. 
2023.04.23 15:55:59 WARN  no build target for: C:\Users\Gabriel\Desktop\Costa\Estudos\Scala\teste1.scala
2023.04.23 15:56:01 INFO  no build target found for C:\Users\Gabriel\Desktop\Costa\Estudos\Scala\teste1.scala. Using presentation compiler with project's scala-library version: 3.2.2
2023.04.23 15:56:03 INFO  time: code lens generation in 4.4s
2023.04.23 15:56:27 WARN  no build target for: C:\Users\Gabriel\Desktop\Costa\Estudos\Scala\teste1.scala
2023.04.23 15:56:52 WARN  no build target for: C:\Users\Gabriel\Desktop\Costa\Estudos\Scala\teste1.scala
2023.04.23 15:56:56 WARN  no build target for: C:\Users\Gabriel\Desktop\Costa\Estudos\Scala\teste1.scala
2023.04.23 15:56:58 WARN  no build target for: C:\Users\Gabriel\Desktop\Costa\Estudos\Scala\teste1.scala
2023.04.23 15:57:03 WARN  no build target for: C:\Users\Gabriel\Desktop\Costa\Estudos\Scala\teste1.scala
2023.04.23 15:57:05 WARN  no build target for: C:\Users\Gabriel\Desktop\Costa\Estudos\Scala\teste1.scala
2023.04.23 15:57:11 WARN  no build target for: C:\Users\Gabriel\Desktop\Costa\Estudos\Scala\teste1.scala
2023.04.23 15:57:19 WARN  no build target for: C:\Users\Gabriel\Desktop\Costa\Estudos\Scala\teste1.scala
abr 23, 2023 3:57:20 PM scala.meta.internal.pc.CompilerAccess handleError
GRAVE: NoDenotation.owner
java.lang.AssertionError: NoDenotation.owner
	at dotty.tools.dotc.core.SymDenotations$NoDenotation$.owner(SymDenotations.scala:2511)
	at scala.meta.internal.pc.MetalsInteractive$.enclosingSymbolsWithExpressionType(MetalsInteractive.scala:261)
	at scala.meta.internal.pc.HoverProvider$.hover(HoverProvider.scala:98)

2023.04.23 15:57:28 WARN  no build target for: C:\Users\Gabriel\Desktop\Costa\Estudos\Scala\teste1.scala
2023.04.23 15:57:34 WARN  no build target for: C:\Users\Gabriel\Desktop\Costa\Estudos\Scala\teste1.scala
2023.04.23 15:57:41 WARN  no build target for: C:\Users\Gabriel\Desktop\Costa\Estudos\Scala\teste1.scala
2023.04.23 15:57:45 WARN  no build target for: C:\Users\Gabriel\Desktop\Costa\Estudos\Scala\teste1.scala
2023.04.23 15:57:59 WARN  no build target for: C:\Users\Gabriel\Desktop\Costa\Estudos\Scala\teste1.scala
2023.04.23 15:58:07 WARN  no build target for: C:\Users\Gabriel\Desktop\Costa\Estudos\Scala\teste1.scala
2023.04.23 16:03:02 WARN  no build target for: C:\Users\Gabriel\Desktop\Costa\Estudos\Scala\teste1.scala
2023.04.23 16:03:04 WARN  no build target for: C:\Users\Gabriel\Desktop\Costa\Estudos\Scala\teste1.scala
2023.04.23 16:03:10 WARN  no build target for: C:\Users\Gabriel\Desktop\Costa\Estudos\Scala\teste1.scala
2023.04.23 16:03:14 WARN  no build target for: C:\Users\Gabriel\Desktop\Costa\Estudos\Scala\teste1.scala
2023.04.23 16:03:15 WARN  no build target for: C:\Users\Gabriel\Desktop\Costa\Estudos\Scala\teste1.scala
2023.04.23 16:03:47 WARN  no build target for: C:\Users\Gabriel\Desktop\Costa\Estudos\Scala\teste1.scala
2023.04.23 16:03:56 WARN  no build target for: C:\Users\Gabriel\Desktop\Costa\Estudos\Scala\teste1.scala
2023.04.23 16:03:57 WARN  no build target for: C:\Users\Gabriel\Desktop\Costa\Estudos\Scala\teste1.scala
2023.04.23 16:04:00 WARN  no build target for: C:\Users\Gabriel\Desktop\Costa\Estudos\Scala\teste1.scala
2023.04.23 16:04:04 WARN  no build target for: C:\Users\Gabriel\Desktop\Costa\Estudos\Scala\teste1.scala
abr 23, 2023 4:04:08 PM scala.meta.internal.pc.CompilerAccess handleError
GRAVE: NoDenotation.owner
java.lang.AssertionError: NoDenotation.owner
	at dotty.tools.dotc.core.SymDenotations$NoDenotation$.owner(SymDenotations.scala:2511)
	at scala.meta.internal.pc.MetalsInteractive$.enclosingSymbolsWithExpressionType(MetalsInteractive.scala:261)
	at scala.meta.internal.pc.MetalsInteractive$.enclosingSymbols(MetalsInteractive.scala:167)
	at scala.meta.internal.pc.PcDefinitionProvider.findDefinitions(PcDefinitionProvider.scala:91)
	at scala.meta.internal.pc.PcDefinitionProvider.definitions(PcDefinitionProvider.scala:56)
	at scala.meta.internal.pc.PcDefinitionProvider.definitions(PcDefinitionProvider.scala:33)

abr 23, 2023 4:04:08 PM scala.meta.internal.pc.CompilerAccess handleError
GRAVE: NoDenotation.owner
java.lang.AssertionError: NoDenotation.owner
	at dotty.tools.dotc.core.SymDenotations$NoDenotation$.owner(SymDenotations.scala:2511)
	at scala.meta.internal.pc.MetalsInteractive$.enclosingSymbolsWithExpressionType(MetalsInteractive.scala:261)
	at scala.meta.internal.pc.MetalsInteractive$.enclosingSymbols(MetalsInteractive.scala:167)
	at scala.meta.internal.pc.PcDefinitionProvider.findDefinitions(PcDefinitionProvider.scala:91)
	at scala.meta.internal.pc.PcDefinitionProvider.definitions(PcDefinitionProvider.scala:56)
	at scala.meta.internal.pc.PcDefinitionProvider.definitions(PcDefinitionProvider.scala:33)

abr 23, 2023 4:04:09 PM scala.meta.internal.pc.CompilerAccess handleError
GRAVE: NoDenotation.owner
java.lang.AssertionError: NoDenotation.owner
	at dotty.tools.dotc.core.SymDenotations$NoDenotation$.owner(SymDenotations.scala:2511)
	at scala.meta.internal.pc.MetalsInteractive$.enclosingSymbolsWithExpressionType(MetalsInteractive.scala:261)
	at scala.meta.internal.pc.HoverProvider$.hover(HoverProvider.scala:98)

2023.04.23 16:04:09 WARN  no build target for: C:\Users\Gabriel\Desktop\Costa\Estudos\Scala\teste1.scala
abr 23, 2023 4:04:09 PM scala.meta.internal.pc.CompilerAccess handleError
GRAVE: NoDenotation.owner
java.lang.AssertionError: NoDenotation.owner
	at dotty.tools.dotc.core.SymDenotations$NoDenotation$.owner(SymDenotations.scala:2511)
	at scala.meta.internal.pc.MetalsInteractive$.enclosingSymbolsWithExpressionType(MetalsInteractive.scala:261)
	at scala.meta.internal.pc.HoverProvider$.hover(HoverProvider.scala:98)

2023.04.23 16:04:12 WARN  no build target for: C:\Users\Gabriel\Desktop\Costa\Estudos\Scala\teste1.scala
abr 23, 2023 4:04:14 PM org.eclipse.lsp4j.jsonrpc.RemoteEndpoint handleCancellation
ADVERTÊNCIA: Unmatched cancel notification for request id 621
2023.04.23 16:04:16 WARN  no build target for: C:\Users\Gabriel\Desktop\Costa\Estudos\Scala\teste1.scala
abr 23, 2023 4:04:18 PM scala.meta.internal.pc.CompilerAccess handleError
GRAVE: NoDenotation.owner
java.lang.AssertionError: NoDenotation.owner
	at dotty.tools.dotc.core.SymDenotations$NoDenotation$.owner(SymDenotations.scala:2511)
	at scala.meta.internal.pc.MetalsInteractive$.enclosingSymbolsWithExpressionType(MetalsInteractive.scala:261)
	at scala.meta.internal.pc.HoverProvider$.hover(HoverProvider.scala:98)

abr 23, 2023 4:04:18 PM scala.meta.internal.pc.CompilerAccess handleError
GRAVE: NoDenotation.owner
java.lang.AssertionError: NoDenotation.owner
	at dotty.tools.dotc.core.SymDenotations$NoDenotation$.owner(SymDenotations.scala:2511)
	at scala.meta.internal.pc.MetalsInteractive$.enclosingSymbolsWithExpressionType(MetalsInteractive.scala:261)
	at scala.meta.internal.pc.HoverProvider$.hover(HoverProvider.scala:98)

2023.04.23 16:04:18 WARN  no build target for: C:\Users\Gabriel\Desktop\Costa\Estudos\Scala\teste1.scala
2023.04.23 16:04:21 WARN  no build target for: C:\Users\Gabriel\Desktop\Costa\Estudos\Scala\teste1.scala
2023.04.23 16:04:26 WARN  no build target for: C:\Users\Gabriel\Desktop\Costa\Estudos\Scala\teste1.scala
2023.04.23 16:04:30 WARN  no build target for: C:\Users\Gabriel\Desktop\Costa\Estudos\Scala\teste1.scala
2023.04.23 16:04:33 WARN  no build target for: C:\Users\Gabriel\Desktop\Costa\Estudos\Scala\teste1.scala
2023.04.23 16:04:35 WARN  no build target for: C:\Users\Gabriel\Desktop\Costa\Estudos\Scala\teste1.scala
2023.04.23 16:04:37 WARN  no build target for: C:\Users\Gabriel\Desktop\Costa\Estudos\Scala\teste1.scala
2023.04.23 16:04:39 WARN  no build target for: C:\Users\Gabriel\Desktop\Costa\Estudos\Scala\teste1.scala
2023.04.23 16:04:42 WARN  no build target for: C:\Users\Gabriel\Desktop\Costa\Estudos\Scala\teste1.scala
2023.04.23 16:04:44 WARN  no build target for: C:\Users\Gabriel\Desktop\Costa\Estudos\Scala\teste1.scala
2023.04.23 16:04:47 WARN  no build target for: C:\Users\Gabriel\Desktop\Costa\Estudos\Scala\teste1.scala
2023.04.23 16:32:21 WARN  no build target for: C:\Users\Gabriel\Desktop\Costa\Estudos\Scala\teste1.scala
2023.04.23 16:32:23 WARN  no build target for: C:\Users\Gabriel\Desktop\Costa\Estudos\Scala\teste1.scala
2023.04.23 16:32:30 WARN  no build target for: C:\Users\Gabriel\Desktop\Costa\Estudos\Scala\teste1.scala
2023.04.23 16:32:33 WARN  no build target for: C:\Users\Gabriel\Desktop\Costa\Estudos\Scala\teste1.scala
2023.04.23 16:32:35 WARN  no build target for: C:\Users\Gabriel\Desktop\Costa\Estudos\Scala\teste1.scala
2023.04.23 16:32:36 WARN  no build target for: C:\Users\Gabriel\Desktop\Costa\Estudos\Scala\teste1.scala
2023.04.23 16:32:38 WARN  no build target for: C:\Users\Gabriel\Desktop\Costa\Estudos\Scala\teste1.scala
2023.04.23 16:32:42 WARN  no build target for: C:\Users\Gabriel\Desktop\Costa\Estudos\Scala\teste1.scala
2023.04.23 16:32:43 WARN  no build target for: C:\Users\Gabriel\Desktop\Costa\Estudos\Scala\teste1.scala
2023.04.23 16:33:05 WARN  no build target for: C:\Users\Gabriel\Desktop\Costa\Estudos\Scala\teste1.scala
2023.04.23 16:33:21 WARN  no build target for: C:\Users\Gabriel\Desktop\Costa\Estudos\Scala\teste1.scala
2023.04.23 16:33:36 WARN  no build target for: C:\Users\Gabriel\Desktop\Costa\Estudos\Scala\teste1.scala
2023.04.23 16:34:42 WARN  no build target for: C:\Users\Gabriel\Desktop\Costa\Estudos\Scala\teste1.scala
2023.04.23 16:34:48 WARN  no build target for: C:\Users\Gabriel\Desktop\Costa\Estudos\Scala\teste1.scala
2023.04.23 16:34:51 WARN  no build target for: C:\Users\Gabriel\Desktop\Costa\Estudos\Scala\teste1.scala
2023.04.23 16:58:02 WARN  no build target for: C:\Users\Gabriel\Desktop\Costa\Estudos\Scala\teste1.scala
2023.04.23 16:58:04 WARN  no build target for: C:\Users\Gabriel\Desktop\Costa\Estudos\Scala\teste1.scala
2023.04.23 16:58:10 WARN  no build target for: C:\Users\Gabriel\Desktop\Costa\Estudos\Scala\teste1.scala
2023.04.23 16:58:13 WARN  no build target for: C:\Users\Gabriel\Desktop\Costa\Estudos\Scala\teste1.scala
2023.04.23 16:58:16 WARN  no build target for: C:\Users\Gabriel\Desktop\Costa\Estudos\Scala\teste1.scala
2023.04.23 16:58:20 WARN  no build target for: C:\Users\Gabriel\Desktop\Costa\Estudos\Scala\teste1.scala
2023.04.23 16:58:21 WARN  no build target for: C:\Users\Gabriel\Desktop\Costa\Estudos\Scala\teste1.scala
2023.04.23 16:58:22 WARN  no build target for: C:\Users\Gabriel\Desktop\Costa\Estudos\Scala\teste1.scala
2023.04.23 16:58:26 WARN  no build target for: C:\Users\Gabriel\Desktop\Costa\Estudos\Scala\teste1.scala
2023.04.23 16:58:28 WARN  no build target for: C:\Users\Gabriel\Desktop\Costa\Estudos\Scala\teste1.scala
2023.04.23 16:58:31 WARN  no build target for: C:\Users\Gabriel\Desktop\Costa\Estudos\Scala\teste1.scala
2023.04.23 16:58:56 WARN  no build target for: C:\Users\Gabriel\Desktop\Costa\Estudos\Scala\teste1.scala
2023.04.23 17:01:30 WARN  no build target for: C:\Users\Gabriel\Desktop\Costa\Estudos\Scala\teste1.scala
2023.04.23 17:01:32 WARN  no build target for: C:\Users\Gabriel\Desktop\Costa\Estudos\Scala\teste1.scala
2023.04.23 17:06:45 INFO  Shutting down server
2023.04.23 17:06:45 INFO  shutting down Metals
2023.04.23 17:06:45 INFO  Exiting server
2023.04.24 20:11:04 INFO  Started: Metals version 0.11.12 in workspace 'C:\Users\Gabriel\Desktop\Costa\Estudos\Scala' for client Visual Studio Code 1.77.3.
abr 24, 2023 8:11:04 PM org.flywaydb.core.internal.license.VersionPrinter printVersionOnly
INFORMAÇÕES: Flyway Community Edition 9.16.3 by Redgate
abr 24, 2023 8:11:04 PM org.flywaydb.core.internal.license.VersionPrinter printVersion
INFORMAÇÕES: See release notes here: https://rd.gt/416ObMi
abr 24, 2023 8:11:04 PM org.flywaydb.core.internal.license.VersionPrinter printVersion
INFORMAÇÕES: 
abr 24, 2023 8:11:05 PM org.flywaydb.core.internal.database.base.BaseDatabaseType createDatabase
INFORMAÇÕES: Database: jdbc:h2:file:C:\Users\Gabriel\Desktop\Costa\Estudos\Scala\.metals\metals (H2 2.1)
abr 24, 2023 8:11:05 PM org.flywaydb.core.internal.command.DbValidate validate
INFORMAÇÕES: Successfully validated 4 migrations (execution time 00:00.018s)
abr 24, 2023 8:11:05 PM org.flywaydb.core.internal.command.DbMigrate migrateGroup
INFORMAÇÕES: Current version of schema "PUBLIC": 4
abr 24, 2023 8:11:05 PM org.flywaydb.core.internal.command.DbMigrate logSummary
INFORMAÇÕES: Schema "PUBLIC" is up to date. No migration necessary.
2023.04.24 20:11:05 INFO  time: initialize in 0.6s
2023.04.24 20:11:06 WARN  Build server is not auto-connectable.
2023.04.24 20:11:06 WARN  no build tool detected in workspace 'C:\Users\Gabriel\Desktop\Costa\Estudos\Scala'. The most common cause for this problem is that the editor was opened in the wrong working directory, for example if you use sbt then the workspace directory should contain build.sbt. 
2023.04.24 20:11:06 WARN  no build target for: C:\Users\Gabriel\Desktop\Costa\Estudos\Scala\teste1.scala
2023.04.24 20:11:08 INFO  no build target found for C:\Users\Gabriel\Desktop\Costa\Estudos\Scala\teste1.scala. Using presentation compiler with project's scala-library version: 3.2.2
2023.04.24 20:11:10 INFO  time: code lens generation in 4.8s
2023.04.24 20:11:10 INFO  time: code lens generation in 1.95s
2023.04.24 20:11:16 WARN  no build target for: C:\Users\Gabriel\Desktop\Costa\Estudos\Scala\teste1.scala
2023.04.24 20:11:17 WARN  no build target for: C:\Users\Gabriel\Desktop\Costa\Estudos\Scala\teste1.scala
2023.04.24 20:13:04 WARN  no build target for: C:\Users\Gabriel\Desktop\Costa\Estudos\Scala\teste1.scala
2023.04.24 20:13:05 WARN  no build target for: C:\Users\Gabriel\Desktop\Costa\Estudos\Scala\teste1.scala
2023.04.24 20:13:06 WARN  no build target for: C:\Users\Gabriel\Desktop\Costa\Estudos\Scala\teste1.scala
2023.04.24 20:13:14 WARN  no build target for: C:\Users\Gabriel\Desktop\Costa\Estudos\Scala\teste1.scala
2023.04.24 20:13:16 WARN  no build target for: C:\Users\Gabriel\Desktop\Costa\Estudos\Scala\teste1.scala
2023.04.24 20:13:20 WARN  no build target for: C:\Users\Gabriel\Desktop\Costa\Estudos\Scala\teste1.scala
2023.04.24 20:13:32 WARN  no build target for: C:\Users\Gabriel\Desktop\Costa\Estudos\Scala\teste1.scala
2023.04.24 20:13:33 WARN  no build target for: C:\Users\Gabriel\Desktop\Costa\Estudos\Scala\teste1.scala
2023.04.24 20:14:41 WARN  no build target for: C:\Users\Gabriel\Desktop\Costa\Estudos\Scala\teste1.scala
2023.04.24 20:14:44 WARN  no build target for: C:\Users\Gabriel\Desktop\Costa\Estudos\Scala\teste1.scala
2023.04.24 20:14:47 WARN  no build target for: C:\Users\Gabriel\Desktop\Costa\Estudos\Scala\teste1.scala
2023.04.24 20:14:48 WARN  no build target for: C:\Users\Gabriel\Desktop\Costa\Estudos\Scala\teste1.scala
2023.04.24 20:14:54 WARN  no build target for: C:\Users\Gabriel\Desktop\Costa\Estudos\Scala\teste1.scala
2023.04.24 20:15:02 WARN  no build target for: C:\Users\Gabriel\Desktop\Costa\Estudos\Scala\teste1.scala
2023.04.24 20:15:04 WARN  no build target for: C:\Users\Gabriel\Desktop\Costa\Estudos\Scala\teste1.scala
2023.04.24 20:15:38 WARN  no build target for: C:\Users\Gabriel\Desktop\Costa\Estudos\Scala\teste1.scala
2023.04.24 20:15:45 WARN  no build target for: C:\Users\Gabriel\Desktop\Costa\Estudos\Scala\teste1.scala
2023.04.24 20:15:48 WARN  no build target for: C:\Users\Gabriel\Desktop\Costa\Estudos\Scala\teste1.scala
2023.04.24 20:15:51 WARN  no build target for: C:\Users\Gabriel\Desktop\Costa\Estudos\Scala\teste1.scala
2023.04.24 20:15:53 WARN  no build target for: C:\Users\Gabriel\Desktop\Costa\Estudos\Scala\teste1.scala
2023.04.24 20:16:27 WARN  no build target for: C:\Users\Gabriel\Desktop\Costa\Estudos\Scala\teste1.scala
2023.04.24 20:17:01 WARN  no build target for: C:\Users\Gabriel\Desktop\Costa\Estudos\Scala\teste1.scala
2023.04.24 20:18:26 WARN  no build target for: C:\Users\Gabriel\Desktop\Costa\Estudos\Scala\teste1.scala
2023.04.24 20:18:38 WARN  no build target for: C:\Users\Gabriel\Desktop\Costa\Estudos\Scala\teste1.scala
2023.04.24 20:21:41 WARN  no build target for: C:\Users\Gabriel\Desktop\Costa\Estudos\Scala\teste1.scala
2023.04.24 20:22:16 WARN  no build target for: C:\Users\Gabriel\Desktop\Costa\Estudos\Scala\teste1.scala
2023.04.24 20:22:18 WARN  no build target for: C:\Users\Gabriel\Desktop\Costa\Estudos\Scala\teste1.scala
2023.04.24 20:22:30 WARN  no build target for: C:\Users\Gabriel\Desktop\Costa\Estudos\Scala\teste1.scala
2023.04.24 20:22:34 WARN  no build target for: C:\Users\Gabriel\Desktop\Costa\Estudos\Scala\teste1.scala
2023.04.24 20:22:45 WARN  no build target for: C:\Users\Gabriel\Desktop\Costa\Estudos\Scala\teste1.scala
abr 24, 2023 8:22:50 PM org.eclipse.lsp4j.jsonrpc.RemoteEndpoint handleCancellation
ADVERTÊNCIA: Unmatched cancel notification for request id 670
2023.04.24 20:22:54 WARN  no build target for: C:\Users\Gabriel\Desktop\Costa\Estudos\Scala\teste1.scala
2023.04.24 20:22:58 WARN  no build target for: C:\Users\Gabriel\Desktop\Costa\Estudos\Scala\teste1.scala
2023.04.24 20:23:03 WARN  no build target for: C:\Users\Gabriel\Desktop\Costa\Estudos\Scala\teste1.scala
2023.04.24 20:23:19 WARN  no build target for: C:\Users\Gabriel\Desktop\Costa\Estudos\Scala\teste1.scala
2023.04.24 20:23:21 WARN  no build target for: C:\Users\Gabriel\Desktop\Costa\Estudos\Scala\teste1.scala
2023.04.24 20:24:18 WARN  no build target for: C:\Users\Gabriel\Desktop\Costa\Estudos\Scala\teste1.scala
2023.04.24 20:24:20 WARN  no build target for: C:\Users\Gabriel\Desktop\Costa\Estudos\Scala\teste1.scala
abr 24, 2023 8:24:32 PM org.eclipse.lsp4j.jsonrpc.RemoteEndpoint handleCancellation
ADVERTÊNCIA: Unmatched cancel notification for request id 776
2023.04.24 20:24:35 WARN  no build target for: C:\Users\Gabriel\Desktop\Costa\Estudos\Scala\teste1.scala
2023.04.24 20:25:00 WARN  no build target for: C:\Users\Gabriel\Desktop\Costa\Estudos\Scala\teste1.scala
2023.04.24 20:25:04 WARN  no build target for: C:\Users\Gabriel\Desktop\Costa\Estudos\Scala\teste1.scala
2023.04.24 20:26:01 WARN  no build target for: C:\Users\Gabriel\Desktop\Costa\Estudos\Scala\teste1.scala
abr 24, 2023 8:26:01 PM org.eclipse.lsp4j.jsonrpc.RemoteEndpoint handleCancellation
ADVERTÊNCIA: Unmatched cancel notification for request id 839
abr 24, 2023 8:26:01 PM org.eclipse.lsp4j.jsonrpc.RemoteEndpoint handleCancellation
ADVERTÊNCIA: Unmatched cancel notification for request id 840
2023.04.24 20:26:02 WARN  no build target for: C:\Users\Gabriel\Desktop\Costa\Estudos\Scala\teste1.scala
2023.04.24 21:02:48 INFO  Shutting down server
2023.04.24 21:02:48 INFO  shutting down Metals
2023.04.24 21:02:48 INFO  Exiting server
2023.04.27 22:53:30 INFO  Started: Metals version 0.11.12 in workspace 'C:\Users\Gabriel\Desktop\Costa\Estudos\Scala' for client Visual Studio Code 1.77.3.
abr 27, 2023 10:53:30 PM org.flywaydb.core.internal.license.VersionPrinter printVersionOnly
INFORMAÇÕES: Flyway Community Edition 9.16.3 by Redgate
abr 27, 2023 10:53:30 PM org.flywaydb.core.internal.license.VersionPrinter printVersion
INFORMAÇÕES: See release notes here: https://rd.gt/416ObMi
abr 27, 2023 10:53:30 PM org.flywaydb.core.internal.license.VersionPrinter printVersion
INFORMAÇÕES: 
abr 27, 2023 10:53:31 PM org.flywaydb.core.internal.database.base.BaseDatabaseType createDatabase
INFORMAÇÕES: Database: jdbc:h2:file:C:\Users\Gabriel\Desktop\Costa\Estudos\Scala\.metals\metals (H2 2.1)
abr 27, 2023 10:53:31 PM org.flywaydb.core.internal.command.DbValidate validate
INFORMAÇÕES: Successfully validated 4 migrations (execution time 00:00.029s)
abr 27, 2023 10:53:31 PM org.flywaydb.core.internal.command.DbMigrate migrateGroup
INFORMAÇÕES: Current version of schema "PUBLIC": 4
abr 27, 2023 10:53:31 PM org.flywaydb.core.internal.command.DbMigrate logSummary
INFORMAÇÕES: Schema "PUBLIC" is up to date. No migration necessary.
2023.04.27 22:53:31 INFO  time: initialize in 0.84s
2023.04.27 22:53:32 WARN  Build server is not auto-connectable.
2023.04.27 22:53:32 WARN  no build tool detected in workspace 'C:\Users\Gabriel\Desktop\Costa\Estudos\Scala'. The most common cause for this problem is that the editor was opened in the wrong working directory, for example if you use sbt then the workspace directory should contain build.sbt. 
2023.04.27 22:53:32 WARN  no build target for: C:\Users\Gabriel\Desktop\Costa\Estudos\Scala\teste1.scala
2023.04.27 22:53:39 INFO  no build target found for C:\Users\Gabriel\Desktop\Costa\Estudos\Scala\teste1.scala. Using presentation compiler with project's scala-library version: 3.2.2
2023.04.27 22:53:40 INFO  time: code lens generation in 8.36s
2023.04.27 22:55:13 INFO  Shutting down server
2023.04.27 22:55:13 INFO  shutting down Metals
2023.04.27 22:55:13 INFO  Exiting server
